Library/Bee/Android/Prj/Mono2x/Gradle/unityLibrary/build/intermediates/manifest_merge_blame_file/release/manifest-merger-blame-release-report.txt
1<?xml version="1.0" encoding="utf-8"?>
2<manifest xmlns:android="http://schemas.android.com/apk/res/android"
3    xmlns:tools="http://schemas.android.com/tools"
4    package="com.unity3d.player"
5    android:installLocation="preferExternal" >
6
7    <uses-sdk
7-->src\main\AndroidManifest.xml:34:3-61
8        android:minSdkVersion="26"
8-->src\main\AndroidManifest.xml:34:3-61
9        android:targetSdkVersion="32"
9-->src\main\AndroidManifest.xml:34:3-61
10        tools:overrideLibrary="com.nreal.glasses_sdk" />
10-->src\main\AndroidManifest.xml:34:13-58
11
12    <uses-permission android:name="android.permission.BLUETOOTH" />
12-->src\main\AndroidManifest.xml:3:3-66
12-->src\main\AndroidManifest.xml:3:20-63
13    <uses-permission android:name="android.permission.VIBRATE" />
13-->src\main\AndroidManifest.xml:4:3-64
13-->src\main\AndroidManifest.xml:4:20-61
14    <uses-permission android:name="android.permission.WRITE_EXTERNAL_STORAGE" />
14-->src\main\AndroidManifest.xml:5:3-79
14-->src\main\AndroidManifest.xml:5:20-76
15
16    <uses-feature android:glEsVersion="0x00030000" />
16-->src\main\AndroidManifest.xml:6:3-52
16-->src\main\AndroidManifest.xml:6:17-49
17    <uses-feature
17-->src\main\AndroidManifest.xml:7:3-88
18        android:name="android.hardware.touchscreen"
18-->src\main\AndroidManifest.xml:7:17-60
19        android:required="false" />
19-->src\main\AndroidManifest.xml:7:61-85
20    <uses-feature
20-->src\main\AndroidManifest.xml:8:3-99
21        android:name="android.hardware.touchscreen.multitouch"
21-->src\main\AndroidManifest.xml:8:17-71
22        android:required="false" />
22-->src\main\AndroidManifest.xml:8:72-96
23    <uses-feature
23-->src\main\AndroidManifest.xml:9:3-108
24        android:name="android.hardware.touchscreen.multitouch.distinct"
24-->src\main\AndroidManifest.xml:9:17-80
25        android:required="false" />
25-->src\main\AndroidManifest.xml:9:81-105
26
27    <supports-screens
27-->src\main\AndroidManifest.xml:33:3-163
28        android:anyDensity="true"
28-->src\main\AndroidManifest.xml:33:135-160
29        android:largeScreens="true"
29-->src\main\AndroidManifest.xml:33:78-105
30        android:normalScreens="true"
30-->src\main\AndroidManifest.xml:33:49-77
31        android:smallScreens="true"
31-->src\main\AndroidManifest.xml:33:21-48
32        android:xlargeScreens="true" />
32-->src\main\AndroidManifest.xml:33:106-134
33
34    <application
34-->src\main\AndroidManifest.xml:10:3-32:17
35        android:extractNativeLibs="true"
35-->src\main\AndroidManifest.xml:10:123-155
36        android:icon="@mipmap/app_icon"
36-->src\main\AndroidManifest.xml:10:58-89
37        android:label="@string/app_name"
37-->src\main\AndroidManifest.xml:10:90-122
38        android:theme="@style/UnityThemeSelector" >
38-->src\main\AndroidManifest.xml:10:16-57
39        <meta-data
39-->src\main\AndroidManifest.xml:11:5-64
40            android:name="nreal_sdk"
40-->src\main\AndroidManifest.xml:11:16-40
41            android:value="true" />
41-->src\main\AndroidManifest.xml:11:41-61
42        <meta-data
42-->src\main\AndroidManifest.xml:12:5-94
43            android:name="com.nreal.supportDevices"
43-->src\main\AndroidManifest.xml:12:16-55
44            android:value="NrealLight|NrealAir" />
44-->src\main\AndroidManifest.xml:12:56-91
45        <meta-data
45-->src\main\AndroidManifest.xml:13:5-69
46            android:name="unity.splash-mode"
46-->src\main\AndroidManifest.xml:13:16-48
47            android:value="0" />
47-->src\main\AndroidManifest.xml:13:49-66
48        <meta-data
48-->src\main\AndroidManifest.xml:14:5-74
49            android:name="unity.splash-enable"
49-->src\main\AndroidManifest.xml:14:16-50
50            android:value="True" />
50-->src\main\AndroidManifest.xml:14:51-71
51        <meta-data
51-->src\main\AndroidManifest.xml:15:5-78
52            android:name="unity.launch-fullscreen"
52-->src\main\AndroidManifest.xml:15:16-54
53            android:value="True" />
53-->src\main\AndroidManifest.xml:15:55-75
54        <meta-data
54-->src\main\AndroidManifest.xml:16:5-84
55            android:name="unity.allow-resizable-window"
55-->src\main\AndroidManifest.xml:16:16-59
56            android:value="False" />
56-->src\main\AndroidManifest.xml:16:60-81
57        <meta-data
57-->src\main\AndroidManifest.xml:17:5-81
58            android:name="notch.config"
58-->src\main\AndroidManifest.xml:17:16-43
59            android:value="portrait|landscape" />
59-->src\main\AndroidManifest.xml:17:44-78
60        <meta-data
60-->src\main\AndroidManifest.xml:18:5-84
61            android:name="unity.auto-report-fully-drawn"
61-->src\main\AndroidManifest.xml:18:16-60
62            android:value="true" />
62-->src\main\AndroidManifest.xml:18:61-81
63
64        <activity
64-->src\main\AndroidManifest.xml:19:5-31:16
65            android:name="com.unity3d.player.UnityPlayerActivity"
65-->src\main\AndroidManifest.xml:19:15-68
66            android:configChanges="fontScale|keyboard|keyboardHidden|locale|mnc|mcc|navigation|orientation|screenLayout|screenSize|smallestScreenSize|uiMode|density"
66-->src\main\AndroidManifest.xml:23:11-164
67            android:exported="false"
67-->src\main\AndroidManifest.xml:25:11-35
68            android:hardwareAccelerated="false"
68-->src\main\AndroidManifest.xml:24:11-46
69            android:label="@string/app_name"
69-->src\main\AndroidManifest.xml:20:11-43
70            android:launchMode="singleTask"
70-->src\main\AndroidManifest.xml:22:11-42
71            android:screenOrientation="portrait" >
71-->src\main\AndroidManifest.xml:21:11-47
72            <intent-filter>
72-->src\main\AndroidManifest.xml:26:7-29:23
73                <category android:name="android.intent.category.LAUNCHER" />
73-->src\main\AndroidManifest.xml:27:9-69
73-->src\main\AndroidManifest.xml:27:19-66
74
75                <action android:name="android.intent.action.MAIN" />
75-->src\main\AndroidManifest.xml:28:9-61
75-->src\main\AndroidManifest.xml:28:17-58
76            </intent-filter>
77
78            <meta-data
78-->src\main\AndroidManifest.xml:30:7-70
79                android:name="notch_support"
79-->src\main\AndroidManifest.xml:30:18-46
80                android:value="true" />
80-->src\main\AndroidManifest.xml:30:47-67
81        </activity>
82    </application>
83
84</manifest>